<!DOCTYPE html PUBLIC "-//W3C//DTD XHTML 1.1//EN" "https://www.w3.org/TR/xhtml11/DTD/xhtml11.dtd">
<html xmlns="https://www.w3.org/1999/xhtml">
<head>
<meta http-equiv="content-type" content="text/html; charset=UTF-8"/>
<title>TestNG Report</title>
<style type="text/css">table {margin-bottom:10px;border-collapse:collapse;empty-cells:show}th,td {border:1px solid #009;padding:.25em .5em}th {vertical-align:bottom}td {vertical-align:top}table a {font-weight:bold}.stripe td {background-color: #E6EBF9}.num {text-align:right}.passedodd td {background-color: #3F3}.passedeven td {background-color: #0A0}.skippedodd td {background-color: #DDD}.skippedeven td {background-color: #CCC}.failedodd td,.attn {background-color: #F33}.failedeven td,.stripe .attn {background-color: #D00}.stacktrace {white-space:pre;font-family:monospace}.totop {font-size:85%;text-align:center;border-bottom:2px solid #000}.invisible {display:none}</style>
</head>
<body>
<table>
<tr><th>Test</th><th># Passed</th><th># Skipped</th><th># Retried</th><th># Failed</th><th>Time (ms)</th><th>Included Groups</th><th>Excluded Groups</th></tr>
<tr><th colspan="8">Redf Suite</th></tr>
<tr><td><a href="#t0">Redf Test</a></td><td class="num">6</td><td class="num attn">1</td><td class="num">0</td><td class="num attn">2</td><td class="num">144,519</td><td></td><td></td></tr>
</table>
<table id='summary'><thead><tr><th>Class</th><th>Method</th><th>Start</th><th>Time (ms)</th></tr></thead><tbody><tr><th colspan="4">Redf Suite</th></tr></tbody><tbody id="t0"><tr><th colspan="4">Redf Test &#8212; failed</th></tr><tr class="failedeven"><td rowspan="2">automationcodeofRediff.LoginTest</td><td><a href="#m0">verifyingLoginWithInValidCredentials</a></td><td rowspan="1">1699565759894</td><td rowspan="1">1918</td></tr><tr class="failedeven"><td><a href="#m1">verifyingLoginWithValidCredentials</a></td><td rowspan="1">1699565694474</td><td rowspan="1">12088</td></tr><tr><th colspan="4">Redf Test &#8212; skipped</th></tr><tr class="skippedeven"><td rowspan="1">automationcodeofRediff.LoginTest</td><td><a href="#m2">verifyingLoginWithNoCredentials</a></td><td rowspan="1">1699565762026</td><td rowspan="1">0</td></tr><tr><th colspan="4">Redf Test &#8212; passed</th></tr><tr class="passedeven"><td rowspan="6">automationcodeofRediff.LoginTest</td><td><a href="#m3">verifyingLoginWithInvalidEmailValidPassword</a></td><td rowspan="1">1699565749017</td><td rowspan="1">2031</td></tr><tr class="passedeven"><td><a href="#m4">verifyingLoginWithValidCredentials</a></td><td rowspan="4">1699565648973</td><td rowspan="4">12019</td></tr><tr class="passedeven"><td><a href="#m5">verifyingLoginWithValidCredentials</a></td></tr><tr class="passedeven"><td><a href="#m6">verifyingLoginWithValidCredentials</a></td></tr><tr class="passedeven"><td><a href="#m7">verifyingLoginWithValidCredentials</a></td></tr><tr class="passedeven"><td><a href="#m8">verifyingLoginWithValidEmailInvalidPassword</a></td><td rowspan="1">1699565738315</td><td rowspan="1">1401</td></tr></tbody>
</table>
<h2>Redf Test</h2><h3 id="m0">automationcodeofRediff.LoginTest#verifyingLoginWithInValidCredentials</h3><table class="result"><tr><th>Exception</th></tr><tr><td><div class="stacktrace">java.lang.AssertionError: The following asserts failed:
	expected [false] but found [true]
	at automationcodeofRediff.LoginTest.verifyingLoginWithInValidCredentials(LoginTest.java:93)
	at java.base/java.util.ArrayList.forEach(ArrayList.java:1511)
... Removed 29 stack frames</div></td></tr></table><p class="totop"><a href="#summary">back to summary</a></p>
<h3 id="m1">automationcodeofRediff.LoginTest#verifyingLoginWithValidCredentials</h3><table class="result"><tr class="param"><th>Parameter #1</th><th>Parameter #2</th></tr><tr class="param stripe"><td>Mohamedboudguig@rediffmail.com</td><td>Medbgd0707@</td></tr><tr><th colspan="2">Exception</th></tr><tr><td colspan="2"><div class="stacktrace">org.openqa.selenium.NoSuchElementException: no such element: Unable to locate element: {&quot;method&quot;:&quot;xpath&quot;,&quot;selector&quot;:&quot;//a[contains(@class, &apos;rd_logout&apos;)]&quot;}
  (Session info: chrome=119.0.6045.107)
For documentation on this error, please visit: https://www.selenium.dev/documentation/webdriver/troubleshooting/errors#no-such-element-exception
Build info: version: &apos;4.14.1&apos;, revision: &apos;03f8ede370&apos;
System info: os.name: &apos;Windows 11&apos;, os.arch: &apos;amd64&apos;, os.version: &apos;10.0&apos;, java.version: &apos;17.0.7&apos;
Driver info: org.openqa.selenium.chrome.ChromeDriver
Command: [80d9922a4f5ce4401a37918d4a863f96, findElement {using=xpath, value=//a[contains(@class, &apos;rd_logout&apos;)]}]
Capabilities {acceptInsecureCerts: false, browserName: chrome, browserVersion: 119.0.6045.107, chrome: {chromedriverVersion: 119.0.6045.105 (38c72552c5e..., userDataDir: C:\Users\Nikhil\AppData\Loc...}, fedcm:accounts: true, goog:chromeOptions: {debuggerAddress: localhost:56231}, networkConnectionEnabled: false, pageLoadStrategy: normal, platformName: windows, proxy: Proxy(), se:cdp: ws://localhost:56231/devtoo..., se:cdpVersion: 119.0.6045.107, setWindowRect: true, strictFileInteractability: false, timeouts: {implicit: 0, pageLoad: 300000, script: 30000}, unhandledPromptBehavior: dismiss and notify, webauthn:extension:credBlob: true, webauthn:extension:largeBlob: true, webauthn:extension:minPinLength: true, webauthn:extension:prf: true, webauthn:virtualAuthenticators: true}
Session ID: 80d9922a4f5ce4401a37918d4a863f96
	at org.openqa.selenium.remote.codec.w3c.W3CHttpResponseCodec.createException(W3CHttpResponseCodec.java:200)
	at org.openqa.selenium.remote.codec.w3c.W3CHttpResponseCodec.decode(W3CHttpResponseCodec.java:133)
	at org.openqa.selenium.remote.codec.w3c.W3CHttpResponseCodec.decode(W3CHttpResponseCodec.java:52)
	at org.openqa.selenium.remote.HttpCommandExecutor.execute(HttpCommandExecutor.java:191)
	at org.openqa.selenium.remote.service.DriverCommandExecutor.invokeExecute(DriverCommandExecutor.java:200)
	at org.openqa.selenium.remote.service.DriverCommandExecutor.execute(DriverCommandExecutor.java:175)
	at org.openqa.selenium.remote.RemoteWebDriver.execute(RemoteWebDriver.java:602)
	at org.openqa.selenium.remote.ElementLocation$ElementFinder$2.findElement(ElementLocation.java:165)
	at org.openqa.selenium.remote.ElementLocation.findElement(ElementLocation.java:59)
	at org.openqa.selenium.remote.RemoteWebDriver.findElement(RemoteWebDriver.java:359)
	at org.openqa.selenium.remote.RemoteWebDriver.findElement(RemoteWebDriver.java:353)
	at org.openqa.selenium.support.pagefactory.DefaultElementLocator.findElement(DefaultElementLocator.java:68)
	at org.openqa.selenium.support.pagefactory.internal.LocatingElementHandler.invoke(LocatingElementHandler.java:38)
	at jdk.proxy2/jdk.proxy2.$Proxy13.click(Unknown Source)
	at locatorsdataofRediff.AccountPage.NavigateToLogoutPage(AccountPage.java:27)
	at automationcodeofRediff.LoginTest.verifyingLoginWithValidCredentials(LoginTest.java:58)
	at java.base/java.util.ArrayList.forEach(ArrayList.java:1511)
... Removed 32 stack frames</div></td></tr></table><p class="totop"><a href="#summary">back to summary</a></p>
<h3 id="m2">automationcodeofRediff.LoginTest#verifyingLoginWithNoCredentials</h3><table class="result"><tr><th>Exception</th></tr><tr><td><div class="stacktrace">java.lang.Throwable: Method automationcodeofRediff.LoginTest.verifyingLoginWithNoCredentials() on instance automationcodeofRediff.LoginTest@2eae8e6e depends on not successfully finished methods 
[automationcodeofRediff.LoginTest.verifyingLoginWithInValidCredentials() on instance automationcodeofRediff.LoginTest@2eae8e6e]
	at java.base/java.util.ArrayList.forEach(ArrayList.java:1511)
... Removed 18 stack frames</div></td></tr></table><p class="totop"><a href="#summary">back to summary</a></p>
<h3 id="m3">automationcodeofRediff.LoginTest#verifyingLoginWithInvalidEmailValidPassword</h3><table class="result"><tr><th class="invisible"/></tr></table><p class="totop"><a href="#summary">back to summary</a></p>
<h3 id="m4">automationcodeofRediff.LoginTest#verifyingLoginWithValidCredentials</h3><table class="result"><tr class="param"><th>Parameter #1</th><th>Parameter #2</th></tr><tr class="param stripe"><td>seleniumpanda1@rediffmail.com</td><td>Donkey@123</td></tr></table><p class="totop"><a href="#summary">back to summary</a></p>
<h3 id="m5">automationcodeofRediff.LoginTest#verifyingLoginWithValidCredentials</h3><table class="result"><tr class="param"><th>Parameter #1</th><th>Parameter #2</th></tr><tr class="param stripe"><td>seleniumpanda@rediffmail.com</td><td>Selenium@123</td></tr></table><p class="totop"><a href="#summary">back to summary</a></p>
<h3 id="m6">automationcodeofRediff.LoginTest#verifyingLoginWithValidCredentials</h3><table class="result"><tr class="param"><th>Parameter #1</th><th>Parameter #2</th></tr><tr class="param stripe"><td>chowdhurygs@rediffmail.com</td><td>Shajlee1@</td></tr></table><p class="totop"><a href="#summary">back to summary</a></p>
<h3 id="m7">automationcodeofRediff.LoginTest#verifyingLoginWithValidCredentials</h3><table class="result"><tr class="param"><th>Parameter #1</th><th>Parameter #2</th></tr><tr class="param stripe"><td>homa_rahimi@rediffmail.com</td><td>Winter2021?</td></tr></table><p class="totop"><a href="#summary">back to summary</a></p>
<h3 id="m8">automationcodeofRediff.LoginTest#verifyingLoginWithValidEmailInvalidPassword</h3><table class="result"><tr><th class="invisible"/></tr></table><p class="totop"><a href="#summary">back to summary</a></p>
</body>
</html>
