<?xml version="1.0" encoding="UTF-8"?>
<testng-results ignored="0" total="9" passed="6" failed="2" skipped="1">
  <reporter-output>
  </reporter-output>
  <suite started-at="2023-11-09T16:33:37 GMT-05:00" name="Redf Suite" finished-at="2023-11-09T16:36:02 GMT-05:00" duration-ms="144519">
    <groups>
    </groups>
    <test started-at="2023-11-09T16:33:37 GMT-05:00" name="Redf Test" finished-at="2023-11-09T16:36:02 GMT-05:00" duration-ms="144519">
      <class name="automationcodeofRediff.LoginTest">
        <test-method is-config="true" signature="setup()[pri:0, instance:automationcodeofRediff.LoginTest@2eae8e6e]" started-at="2023-11-09T16:33:38 GMT-05:00" name="setup" finished-at="2023-11-09T16:33:47 GMT-05:00" duration-ms="9231" status="PASS">
          <reporter-output>
          </reporter-output>
        </test-method> <!-- setup -->
        <test-method signature="verifyingLoginWithValidCredentials(java.lang.String,java.lang.String)[pri:1, instance:automationcodeofRediff.LoginTest@2eae8e6e]" started-at="2023-11-09T16:33:47 GMT-05:00" name="verifyingLoginWithValidCredentials" data-provider="Red" finished-at="2023-11-09T16:34:00 GMT-05:00" duration-ms="12676" status="PASS">
          <params>
            <param index="0">
              <value>
                <![CDATA[seleniumpanda@rediffmail.com]]>
              </value>
            </param>
            <param index="1">
              <value>
                <![CDATA[Selenium@123]]>
              </value>
            </param>
          </params>
          <reporter-output>
          </reporter-output>
        </test-method> <!-- verifyingLoginWithValidCredentials -->
        <test-method is-config="true" signature="close()[pri:0, instance:automationcodeofRediff.LoginTest@2eae8e6e]" started-at="2023-11-09T16:34:00 GMT-05:00" name="close" finished-at="2023-11-09T16:34:00 GMT-05:00" duration-ms="262" status="PASS">
          <reporter-output>
          </reporter-output>
        </test-method> <!-- close -->
        <test-method is-config="true" signature="setup()[pri:0, instance:automationcodeofRediff.LoginTest@2eae8e6e]" started-at="2023-11-09T16:34:00 GMT-05:00" name="setup" finished-at="2023-11-09T16:34:08 GMT-05:00" duration-ms="8164" status="PASS">
          <reporter-output>
          </reporter-output>
        </test-method> <!-- setup -->
        <test-method signature="verifyingLoginWithValidCredentials(java.lang.String,java.lang.String)[pri:1, instance:automationcodeofRediff.LoginTest@2eae8e6e]" started-at="2023-11-09T16:34:08 GMT-05:00" name="verifyingLoginWithValidCredentials" data-provider="Red" finished-at="2023-11-09T16:34:20 GMT-05:00" duration-ms="12019" status="PASS">
          <params>
            <param index="0">
              <value>
                <![CDATA[seleniumpanda1@rediffmail.com]]>
              </value>
            </param>
            <param index="1">
              <value>
                <![CDATA[Donkey@123]]>
              </value>
            </param>
          </params>
          <reporter-output>
          </reporter-output>
        </test-method> <!-- verifyingLoginWithValidCredentials -->
        <test-method is-config="true" signature="close()[pri:0, instance:automationcodeofRediff.LoginTest@2eae8e6e]" started-at="2023-11-09T16:34:21 GMT-05:00" name="close" finished-at="2023-11-09T16:34:21 GMT-05:00" duration-ms="209" status="PASS">
          <reporter-output>
          </reporter-output>
        </test-method> <!-- close -->
        <test-method is-config="true" signature="setup()[pri:0, instance:automationcodeofRediff.LoginTest@2eae8e6e]" started-at="2023-11-09T16:34:21 GMT-05:00" name="setup" finished-at="2023-11-09T16:34:29 GMT-05:00" duration-ms="8411" status="PASS">
          <reporter-output>
          </reporter-output>
        </test-method> <!-- setup -->
        <test-method signature="verifyingLoginWithValidCredentials(java.lang.String,java.lang.String)[pri:1, instance:automationcodeofRediff.LoginTest@2eae8e6e]" started-at="2023-11-09T16:34:29 GMT-05:00" name="verifyingLoginWithValidCredentials" data-provider="Red" finished-at="2023-11-09T16:34:44 GMT-05:00" duration-ms="14993" status="PASS">
          <params>
            <param index="0">
              <value>
                <![CDATA[chowdhurygs@rediffmail.com]]>
              </value>
            </param>
            <param index="1">
              <value>
                <![CDATA[Shajlee1@]]>
              </value>
            </param>
          </params>
          <reporter-output>
          </reporter-output>
        </test-method> <!-- verifyingLoginWithValidCredentials -->
        <test-method is-config="true" signature="close()[pri:0, instance:automationcodeofRediff.LoginTest@2eae8e6e]" started-at="2023-11-09T16:34:44 GMT-05:00" name="close" finished-at="2023-11-09T16:34:44 GMT-05:00" duration-ms="161" status="PASS">
          <reporter-output>
          </reporter-output>
        </test-method> <!-- close -->
        <test-method is-config="true" signature="setup()[pri:0, instance:automationcodeofRediff.LoginTest@2eae8e6e]" started-at="2023-11-09T16:34:44 GMT-05:00" name="setup" finished-at="2023-11-09T16:34:54 GMT-05:00" duration-ms="9691" status="PASS">
          <reporter-output>
          </reporter-output>
        </test-method> <!-- setup -->
        <test-method signature="verifyingLoginWithValidCredentials(java.lang.String,java.lang.String)[pri:1, instance:automationcodeofRediff.LoginTest@2eae8e6e]" started-at="2023-11-09T16:34:54 GMT-05:00" name="verifyingLoginWithValidCredentials" data-provider="Red" finished-at="2023-11-09T16:35:06 GMT-05:00" duration-ms="12088" status="FAIL">
          <params>
            <param index="0">
              <value>
                <![CDATA[Mohamedboudguig@rediffmail.com]]>
              </value>
            </param>
            <param index="1">
              <value>
                <![CDATA[Medbgd0707@]]>
              </value>
            </param>
          </params>
          <exception class="org.openqa.selenium.NoSuchElementException">
            <message>
              <![CDATA[no such element: Unable to locate element: {"method":"xpath","selector":"//a[contains(@class, 'rd_logout')]"}
  (Session info: chrome=119.0.6045.107)
For documentation on this error, please visit: https://www.selenium.dev/documentation/webdriver/troubleshooting/errors#no-such-element-exception
Build info: version: '4.14.1', revision: '03f8ede370'
System info: os.name: 'Windows 11', os.arch: 'amd64', os.version: '10.0', java.version: '17.0.7'
Driver info: org.openqa.selenium.chrome.ChromeDriver
Command: [80d9922a4f5ce4401a37918d4a863f96, findElement {using=xpath, value=//a[contains(@class, 'rd_logout')]}]
Capabilities {acceptInsecureCerts: false, browserName: chrome, browserVersion: 119.0.6045.107, chrome: {chromedriverVersion: 119.0.6045.105 (38c72552c5e..., userDataDir: C:\Users\Nikhil\AppData\Loc...}, fedcm:accounts: true, goog:chromeOptions: {debuggerAddress: localhost:56231}, networkConnectionEnabled: false, pageLoadStrategy: normal, platformName: windows, proxy: Proxy(), se:cdp: ws://localhost:56231/devtoo..., se:cdpVersion: 119.0.6045.107, setWindowRect: true, strictFileInteractability: false, timeouts: {implicit: 0, pageLoad: 300000, script: 30000}, unhandledPromptBehavior: dismiss and notify, webauthn:extension:credBlob: true, webauthn:extension:largeBlob: true, webauthn:extension:minPinLength: true, webauthn:extension:prf: true, webauthn:virtualAuthenticators: true}
Session ID: 80d9922a4f5ce4401a37918d4a863f96]]>
            </message>
            <full-stacktrace>
              <![CDATA[org.openqa.selenium.NoSuchElementException: no such element: Unable to locate element: {"method":"xpath","selector":"//a[contains(@class, 'rd_logout')]"}
  (Session info: chrome=119.0.6045.107)
For documentation on this error, please visit: https://www.selenium.dev/documentation/webdriver/troubleshooting/errors#no-such-element-exception
Build info: version: '4.14.1', revision: '03f8ede370'
System info: os.name: 'Windows 11', os.arch: 'amd64', os.version: '10.0', java.version: '17.0.7'
Driver info: org.openqa.selenium.chrome.ChromeDriver
Command: [80d9922a4f5ce4401a37918d4a863f96, findElement {using=xpath, value=//a[contains(@class, 'rd_logout')]}]
Capabilities {acceptInsecureCerts: false, browserName: chrome, browserVersion: 119.0.6045.107, chrome: {chromedriverVersion: 119.0.6045.105 (38c72552c5e..., userDataDir: C:\Users\Nikhil\AppData\Loc...}, fedcm:accounts: true, goog:chromeOptions: {debuggerAddress: localhost:56231}, networkConnectionEnabled: false, pageLoadStrategy: normal, platformName: windows, proxy: Proxy(), se:cdp: ws://localhost:56231/devtoo..., se:cdpVersion: 119.0.6045.107, setWindowRect: true, strictFileInteractability: false, timeouts: {implicit: 0, pageLoad: 300000, script: 30000}, unhandledPromptBehavior: dismiss and notify, webauthn:extension:credBlob: true, webauthn:extension:largeBlob: true, webauthn:extension:minPinLength: true, webauthn:extension:prf: true, webauthn:virtualAuthenticators: true}
Session ID: 80d9922a4f5ce4401a37918d4a863f96
at java.base/jdk.internal.reflect.NativeConstructorAccessorImpl.newInstance0(Native Method)
at java.base/jdk.internal.reflect.NativeConstructorAccessorImpl.newInstance(NativeConstructorAccessorImpl.java:77)
at java.base/jdk.internal.reflect.DelegatingConstructorAccessorImpl.newInstance(DelegatingConstructorAccessorImpl.java:45)
at java.base/java.lang.reflect.Constructor.newInstanceWithCaller(Constructor.java:499)
at java.base/java.lang.reflect.Constructor.newInstance(Constructor.java:480)
at org.openqa.selenium.remote.codec.w3c.W3CHttpResponseCodec.createException(W3CHttpResponseCodec.java:200)
at org.openqa.selenium.remote.codec.w3c.W3CHttpResponseCodec.decode(W3CHttpResponseCodec.java:133)
at org.openqa.selenium.remote.codec.w3c.W3CHttpResponseCodec.decode(W3CHttpResponseCodec.java:52)
at org.openqa.selenium.remote.HttpCommandExecutor.execute(HttpCommandExecutor.java:191)
at org.openqa.selenium.remote.service.DriverCommandExecutor.invokeExecute(DriverCommandExecutor.java:200)
at org.openqa.selenium.remote.service.DriverCommandExecutor.execute(DriverCommandExecutor.java:175)
at org.openqa.selenium.remote.RemoteWebDriver.execute(RemoteWebDriver.java:602)
at org.openqa.selenium.remote.ElementLocation$ElementFinder$2.findElement(ElementLocation.java:165)
at org.openqa.selenium.remote.ElementLocation.findElement(ElementLocation.java:59)
at org.openqa.selenium.remote.RemoteWebDriver.findElement(RemoteWebDriver.java:359)
at org.openqa.selenium.remote.RemoteWebDriver.findElement(RemoteWebDriver.java:353)
at org.openqa.selenium.support.pagefactory.DefaultElementLocator.findElement(DefaultElementLocator.java:68)
at org.openqa.selenium.support.pagefactory.internal.LocatingElementHandler.invoke(LocatingElementHandler.java:38)
at jdk.proxy2/jdk.proxy2.$Proxy13.click(Unknown Source)
at locatorsdataofRediff.AccountPage.NavigateToLogoutPage(AccountPage.java:27)
at automationcodeofRediff.LoginTest.verifyingLoginWithValidCredentials(LoginTest.java:58)
at java.base/jdk.internal.reflect.NativeMethodAccessorImpl.invoke0(Native Method)
at java.base/jdk.internal.reflect.NativeMethodAccessorImpl.invoke(NativeMethodAccessorImpl.java:77)
at java.base/jdk.internal.reflect.DelegatingMethodAccessorImpl.invoke(DelegatingMethodAccessorImpl.java:43)
at java.base/java.lang.reflect.Method.invoke(Method.java:568)
at org.testng.internal.invokers.MethodInvocationHelper.invokeMethod(MethodInvocationHelper.java:139)
at org.testng.internal.invokers.TestInvoker.invokeMethod(TestInvoker.java:664)
at org.testng.internal.invokers.TestInvoker.invokeTestMethod(TestInvoker.java:227)
at org.testng.internal.invokers.MethodRunner.runInSequence(MethodRunner.java:50)
at org.testng.internal.invokers.TestInvoker$MethodInvocationAgent.invoke(TestInvoker.java:957)
at org.testng.internal.invokers.TestInvoker.invokeTestMethods(TestInvoker.java:200)
at org.testng.internal.invokers.TestMethodWorker.invokeTestMethods(TestMethodWorker.java:148)
at org.testng.internal.invokers.TestMethodWorker.run(TestMethodWorker.java:128)
at java.base/java.util.ArrayList.forEach(ArrayList.java:1511)
at org.testng.TestRunner.privateRun(TestRunner.java:848)
at org.testng.TestRunner.run(TestRunner.java:621)
at org.testng.SuiteRunner.runTest(SuiteRunner.java:443)
at org.testng.SuiteRunner.runSequentially(SuiteRunner.java:437)
at org.testng.SuiteRunner.privateRun(SuiteRunner.java:397)
at org.testng.SuiteRunner.run(SuiteRunner.java:336)
at org.testng.SuiteRunnerWorker.runSuite(SuiteRunnerWorker.java:52)
at org.testng.SuiteRunnerWorker.run(SuiteRunnerWorker.java:95)
at org.testng.TestNG.runSuitesSequentially(TestNG.java:1280)
at org.testng.TestNG.runSuitesLocally(TestNG.java:1200)
at org.testng.TestNG.runSuites(TestNG.java:1114)
at org.testng.TestNG.run(TestNG.java:1082)
at org.testng.remote.AbstractRemoteTestNG.run(AbstractRemoteTestNG.java:115)
at org.testng.remote.RemoteTestNG.initAndRun(RemoteTestNG.java:251)
at org.testng.remote.RemoteTestNG.main(RemoteTestNG.java:77)
]]>
            </full-stacktrace>
          </exception> <!-- org.openqa.selenium.NoSuchElementException -->
          <reporter-output>
          </reporter-output>
        </test-method> <!-- verifyingLoginWithValidCredentials -->
        <test-method is-config="true" signature="close()[pri:0, instance:automationcodeofRediff.LoginTest@2eae8e6e]" started-at="2023-11-09T16:35:06 GMT-05:00" name="close" finished-at="2023-11-09T16:35:06 GMT-05:00" duration-ms="253" status="PASS">
          <reporter-output>
          </reporter-output>
        </test-method> <!-- close -->
        <test-method is-config="true" signature="setup()[pri:0, instance:automationcodeofRediff.LoginTest@2eae8e6e]" started-at="2023-11-09T16:35:06 GMT-05:00" name="setup" finished-at="2023-11-09T16:35:15 GMT-05:00" duration-ms="8949" status="PASS">
          <reporter-output>
          </reporter-output>
        </test-method> <!-- setup -->
        <test-method signature="verifyingLoginWithValidCredentials(java.lang.String,java.lang.String)[pri:1, instance:automationcodeofRediff.LoginTest@2eae8e6e]" started-at="2023-11-09T16:35:15 GMT-05:00" name="verifyingLoginWithValidCredentials" data-provider="Red" finished-at="2023-11-09T16:35:29 GMT-05:00" duration-ms="13928" status="PASS">
          <params>
            <param index="0">
              <value>
                <![CDATA[homa_rahimi@rediffmail.com]]>
              </value>
            </param>
            <param index="1">
              <value>
                <![CDATA[Winter2021?]]>
              </value>
            </param>
          </params>
          <reporter-output>
          </reporter-output>
        </test-method> <!-- verifyingLoginWithValidCredentials -->
        <test-method is-config="true" signature="close()[pri:0, instance:automationcodeofRediff.LoginTest@2eae8e6e]" started-at="2023-11-09T16:35:29 GMT-05:00" name="close" finished-at="2023-11-09T16:35:29 GMT-05:00" duration-ms="241" status="PASS">
          <reporter-output>
          </reporter-output>
        </test-method> <!-- close -->
        <test-method is-config="true" signature="setup()[pri:0, instance:automationcodeofRediff.LoginTest@2eae8e6e]" started-at="2023-11-09T16:35:29 GMT-05:00" name="setup" finished-at="2023-11-09T16:35:38 GMT-05:00" duration-ms="8378" status="PASS">
          <reporter-output>
          </reporter-output>
        </test-method> <!-- setup -->
        <test-method signature="verifyingLoginWithValidEmailInvalidPassword()[pri:2, instance:automationcodeofRediff.LoginTest@2eae8e6e]" started-at="2023-11-09T16:35:38 GMT-05:00" name="verifyingLoginWithValidEmailInvalidPassword" finished-at="2023-11-09T16:35:39 GMT-05:00" duration-ms="1401" status="PASS">
          <reporter-output>
          </reporter-output>
        </test-method> <!-- verifyingLoginWithValidEmailInvalidPassword -->
        <test-method is-config="true" signature="close()[pri:0, instance:automationcodeofRediff.LoginTest@2eae8e6e]" started-at="2023-11-09T16:35:39 GMT-05:00" name="close" finished-at="2023-11-09T16:35:39 GMT-05:00" duration-ms="197" status="PASS">
          <reporter-output>
          </reporter-output>
        </test-method> <!-- close -->
        <test-method is-config="true" signature="setup()[pri:0, instance:automationcodeofRediff.LoginTest@2eae8e6e]" started-at="2023-11-09T16:35:39 GMT-05:00" name="setup" finished-at="2023-11-09T16:35:49 GMT-05:00" duration-ms="9104" status="PASS">
          <reporter-output>
          </reporter-output>
        </test-method> <!-- setup -->
        <test-method signature="verifyingLoginWithInvalidEmailValidPassword()[pri:3, instance:automationcodeofRediff.LoginTest@2eae8e6e]" started-at="2023-11-09T16:35:49 GMT-05:00" name="verifyingLoginWithInvalidEmailValidPassword" finished-at="2023-11-09T16:35:51 GMT-05:00" duration-ms="2031" status="PASS">
          <reporter-output>
          </reporter-output>
        </test-method> <!-- verifyingLoginWithInvalidEmailValidPassword -->
        <test-method is-config="true" signature="close()[pri:0, instance:automationcodeofRediff.LoginTest@2eae8e6e]" started-at="2023-11-09T16:35:51 GMT-05:00" name="close" finished-at="2023-11-09T16:35:51 GMT-05:00" duration-ms="222" status="PASS">
          <reporter-output>
          </reporter-output>
        </test-method> <!-- close -->
        <test-method is-config="true" signature="setup()[pri:0, instance:automationcodeofRediff.LoginTest@2eae8e6e]" started-at="2023-11-09T16:35:51 GMT-05:00" name="setup" finished-at="2023-11-09T16:35:59 GMT-05:00" duration-ms="8620" status="PASS">
          <reporter-output>
          </reporter-output>
        </test-method> <!-- setup -->
        <test-method signature="verifyingLoginWithInValidCredentials()[pri:4, instance:automationcodeofRediff.LoginTest@2eae8e6e]" started-at="2023-11-09T16:35:59 GMT-05:00" name="verifyingLoginWithInValidCredentials" finished-at="2023-11-09T16:36:01 GMT-05:00" duration-ms="1918" status="FAIL">
          <exception class="java.lang.AssertionError">
            <message>
              <![CDATA[The following asserts failed:
expected [false] but found [true]]]>
            </message>
            <full-stacktrace>
              <![CDATA[java.lang.AssertionError: The following asserts failed:
expected [false] but found [true]
at org.testng.asserts.SoftAssert.assertAll(SoftAssert.java:46)
at org.testng.asserts.SoftAssert.assertAll(SoftAssert.java:30)
at automationcodeofRediff.LoginTest.verifyingLoginWithInValidCredentials(LoginTest.java:93)
at java.base/jdk.internal.reflect.NativeMethodAccessorImpl.invoke0(Native Method)
at java.base/jdk.internal.reflect.NativeMethodAccessorImpl.invoke(NativeMethodAccessorImpl.java:77)
at java.base/jdk.internal.reflect.DelegatingMethodAccessorImpl.invoke(DelegatingMethodAccessorImpl.java:43)
at java.base/java.lang.reflect.Method.invoke(Method.java:568)
at org.testng.internal.invokers.MethodInvocationHelper.invokeMethod(MethodInvocationHelper.java:139)
at org.testng.internal.invokers.TestInvoker.invokeMethod(TestInvoker.java:664)
at org.testng.internal.invokers.TestInvoker.invokeTestMethod(TestInvoker.java:227)
at org.testng.internal.invokers.MethodRunner.runInSequence(MethodRunner.java:50)
at org.testng.internal.invokers.TestInvoker$MethodInvocationAgent.invoke(TestInvoker.java:957)
at org.testng.internal.invokers.TestInvoker.invokeTestMethods(TestInvoker.java:200)
at org.testng.internal.invokers.TestMethodWorker.invokeTestMethods(TestMethodWorker.java:148)
at org.testng.internal.invokers.TestMethodWorker.run(TestMethodWorker.java:128)
at java.base/java.util.ArrayList.forEach(ArrayList.java:1511)
at org.testng.TestRunner.privateRun(TestRunner.java:848)
at org.testng.TestRunner.run(TestRunner.java:621)
at org.testng.SuiteRunner.runTest(SuiteRunner.java:443)
at org.testng.SuiteRunner.runSequentially(SuiteRunner.java:437)
at org.testng.SuiteRunner.privateRun(SuiteRunner.java:397)
at org.testng.SuiteRunner.run(SuiteRunner.java:336)
at org.testng.SuiteRunnerWorker.runSuite(SuiteRunnerWorker.java:52)
at org.testng.SuiteRunnerWorker.run(SuiteRunnerWorker.java:95)
at org.testng.TestNG.runSuitesSequentially(TestNG.java:1280)
at org.testng.TestNG.runSuitesLocally(TestNG.java:1200)
at org.testng.TestNG.runSuites(TestNG.java:1114)
at org.testng.TestNG.run(TestNG.java:1082)
at org.testng.remote.AbstractRemoteTestNG.run(AbstractRemoteTestNG.java:115)
at org.testng.remote.RemoteTestNG.initAndRun(RemoteTestNG.java:251)
at org.testng.remote.RemoteTestNG.main(RemoteTestNG.java:77)
]]>
            </full-stacktrace>
          </exception> <!-- java.lang.AssertionError -->
          <reporter-output>
          </reporter-output>
        </test-method> <!-- verifyingLoginWithInValidCredentials -->
        <test-method is-config="true" signature="close()[pri:0, instance:automationcodeofRediff.LoginTest@2eae8e6e]" started-at="2023-11-09T16:36:01 GMT-05:00" name="close" finished-at="2023-11-09T16:36:02 GMT-05:00" duration-ms="214" status="PASS">
          <reporter-output>
          </reporter-output>
        </test-method> <!-- close -->
        <test-method signature="verifyingLoginWithNoCredentials()[pri:5, instance:automationcodeofRediff.LoginTest@2eae8e6e]" started-at="2023-11-09T16:36:02 GMT-05:00" name="verifyingLoginWithNoCredentials" finished-at="2023-11-09T16:36:02 GMT-05:00" depends-on-methods="automationcodeofRediff.LoginTest.verifyingLoginWithInValidCredentials" duration-ms="0" status="SKIP">
          <exception class="java.lang.Throwable">
            <message>
              <![CDATA[Method automationcodeofRediff.LoginTest.verifyingLoginWithNoCredentials() on instance automationcodeofRediff.LoginTest@2eae8e6e depends on not successfully finished methods 
[automationcodeofRediff.LoginTest.verifyingLoginWithInValidCredentials() on instance automationcodeofRediff.LoginTest@2eae8e6e]]]>
            </message>
            <full-stacktrace>
              <![CDATA[java.lang.Throwable: Method automationcodeofRediff.LoginTest.verifyingLoginWithNoCredentials() on instance automationcodeofRediff.LoginTest@2eae8e6e depends on not successfully finished methods 
[automationcodeofRediff.LoginTest.verifyingLoginWithInValidCredentials() on instance automationcodeofRediff.LoginTest@2eae8e6e]
at org.testng.internal.invokers.TestInvoker.invokeTestMethods(TestInvoker.java:156)
at org.testng.internal.invokers.TestMethodWorker.invokeTestMethods(TestMethodWorker.java:148)
at org.testng.internal.invokers.TestMethodWorker.run(TestMethodWorker.java:128)
at java.base/java.util.ArrayList.forEach(ArrayList.java:1511)
at org.testng.TestRunner.privateRun(TestRunner.java:848)
at org.testng.TestRunner.run(TestRunner.java:621)
at org.testng.SuiteRunner.runTest(SuiteRunner.java:443)
at org.testng.SuiteRunner.runSequentially(SuiteRunner.java:437)
at org.testng.SuiteRunner.privateRun(SuiteRunner.java:397)
at org.testng.SuiteRunner.run(SuiteRunner.java:336)
at org.testng.SuiteRunnerWorker.runSuite(SuiteRunnerWorker.java:52)
at org.testng.SuiteRunnerWorker.run(SuiteRunnerWorker.java:95)
at org.testng.TestNG.runSuitesSequentially(TestNG.java:1280)
at org.testng.TestNG.runSuitesLocally(TestNG.java:1200)
at org.testng.TestNG.runSuites(TestNG.java:1114)
at org.testng.TestNG.run(TestNG.java:1082)
at org.testng.remote.AbstractRemoteTestNG.run(AbstractRemoteTestNG.java:115)
at org.testng.remote.RemoteTestNG.initAndRun(RemoteTestNG.java:251)
at org.testng.remote.RemoteTestNG.main(RemoteTestNG.java:77)
]]>
            </full-stacktrace>
          </exception> <!-- java.lang.Throwable -->
          <reporter-output>
          </reporter-output>
        </test-method> <!-- verifyingLoginWithNoCredentials -->
      </class> <!-- automationcodeofRediff.LoginTest -->
    </test> <!-- Redf Test -->
  </suite> <!-- Redf Suite -->
</testng-results>
